<?xml version="1.0" encoding="UTF-8"?>
<!-- Generated by org.testng.reporters.JUnitReportReporter -->
<testsuite hostname="LAPTOP-6UBAU2B3" failures="0" tests="5" name="myRunner.TestRunner" time="26.452" errors="0" timestamp="2023-10-15T23:27:41 IST" skipped="0">
  <testcase classname="myRunner.TestRunner" name="runScenario" time="4.952"/>
  <testcase classname="myRunner.TestRunner" name="runScenario" time="5.275"/>
  <testcase classname="myRunner.TestRunner" name="runScenario" time="4.583"/>
  <testcase classname="myRunner.TestRunner" name="runScenario" time="6.654"/>
  <testcase classname="myRunner.TestRunner" name="runScenario" time="4.988"/>
</testsuite> <!-- myRunner.TestRunner -->
