<?xml version="1.0" encoding="UTF-8"?>
<!-- Generated by org.testng.reporters.JUnitReportReporter -->
<testsuite hostname="LAPTOP-6UBAU2B3" failures="0" tests="12" name="myRunner.TestRunner" time="51.041" errors="0" timestamp="2023-11-11T15:57:44 IST" skipped="0">
  <testcase classname="myRunner.TestRunner" name="runScenario" time="3.125"/>
  <testcase classname="myRunner.TestRunner" name="runScenario" time="3.318"/>
  <testcase classname="myRunner.TestRunner" name="runScenario" time="3.138"/>
  <testcase classname="myRunner.TestRunner" name="runScenario" time="4.159"/>
  <testcase classname="myRunner.TestRunner" name="runScenario" time="4.168"/>
  <testcase classname="myRunner.TestRunner" name="runScenario" time="5.580"/>
  <testcase classname="myRunner.TestRunner" name="runScenario" time="3.814"/>
  <testcase classname="myRunner.TestRunner" name="runScenario" time="4.821"/>
  <testcase classname="myRunner.TestRunner" name="runScenario" time="3.586"/>
  <testcase classname="myRunner.TestRunner" name="runScenario" time="5.806"/>
  <testcase classname="myRunner.TestRunner" name="runScenario" time="5.580"/>
  <testcase classname="myRunner.TestRunner" name="runScenario" time="3.946"/>
</testsuite> <!-- myRunner.TestRunner -->
