<?xml version="1.0" encoding="UTF-8"?>
<!-- Generated by org.testng.reporters.JUnitReportReporter -->
<testsuite hostname="LAPTOP-6UBAU2B3" failures="2" tests="12" name="myRunner.TestRunner" time="96.958" errors="0" timestamp="2023-11-08T12:50:39 IST" skipped="0">
  <testcase classname="myRunner.TestRunner" name="runScenario" time="12.202"/>
  <testcase classname="myRunner.TestRunner" name="runScenario" time="6.760">
    <failure message="expected [Register Account] but found [Your Account Has Been Created!]" type="java.lang.AssertionError">
      <![CDATA[java.lang.AssertionError: expected [Register Account] but found [Your Account Has Been Created!]
at org.testng.Assert.fail(Assert.java:111)
at org.testng.Assert.failNotEquals(Assert.java:1578)
at org.testng.Assert.assertEqualsImpl(Assert.java:150)
at org.testng.Assert.assertEquals(Assert.java:132)
at org.testng.Assert.assertEquals(Assert.java:656)
at org.testng.Assert.assertEquals(Assert.java:666)
at stepDefinition.Registration.user_account_should_get_created_successfull(Registration.java:58)
at ✽.user account should get created successfull(file:///D:/Selenium%20project/Selenium_Tutorial_2023/SeleniumPractice2023/src/test/resource/featuress/Registration.feature:28)
]]>
    </failure>
  </testcase> <!-- runScenario -->
  <testcase classname="myRunner.TestRunner" name="runScenario" time="6.288"/>
  <testcase classname="myRunner.TestRunner" name="runScenario" time="11.884"/>
  <testcase classname="myRunner.TestRunner" name="runScenario" time="6.770"/>
  <testcase classname="myRunner.TestRunner" name="runScenario" time="5.748"/>
  <testcase classname="myRunner.TestRunner" name="runScenario" time="4.364"/>
  <testcase classname="myRunner.TestRunner" name="runScenario" time="13.269">
    <failure message="expected [Register Account] but found [Your Account Has Been Created!]" type="java.lang.AssertionError">
      <![CDATA[java.lang.AssertionError: expected [Register Account] but found [Your Account Has Been Created!]
at org.testng.Assert.fail(Assert.java:111)
at org.testng.Assert.failNotEquals(Assert.java:1578)
at org.testng.Assert.assertEqualsImpl(Assert.java:150)
at org.testng.Assert.assertEquals(Assert.java:132)
at org.testng.Assert.assertEquals(Assert.java:656)
at org.testng.Assert.assertEquals(Assert.java:666)
at stepDefinition.Registration.user_account_should_get_created_successfull(Registration.java:58)
at ✽.user account should get created successfull(file:///D:/Selenium%20project/Selenium_Tutorial_2023/SeleniumPractice2023/src/test/resource/featuress/Registration.feature:14)
]]>
    </failure>
  </testcase> <!-- runScenario -->
  <testcase classname="myRunner.TestRunner" name="runScenario" time="5.640"/>
  <testcase classname="myRunner.TestRunner" name="runScenario" time="6.823"/>
  <testcase classname="myRunner.TestRunner" name="runScenario" time="11.668"/>
  <testcase classname="myRunner.TestRunner" name="runScenario" time="5.542"/>
</testsuite> <!-- myRunner.TestRunner -->
